[1699940997.195][DEBUG][/home/dahlia/.local/lib/python3.12/site-packages/mkdocs/config/base.py:387] Config value 'config_file_path' = '/home/dahlia/Documents/dahliyah.github.io/mkdocs.yml'
[1699940997.195][DEBUG][/home/dahlia/.local/lib/python3.12/site-packages/mkdocs/config/base.py:387] Config value 'site_name' = 'Dahlia Oopzs Torah Notes'
[1699940997.196][DEBUG][/home/dahlia/.local/lib/python3.12/site-packages/mkdocs/config/base.py:387] Config value 'nav' = [{'Home': 'index.md'}, {'Biblical Cosmology': [{'Earth': 'Biblical Cosmology/Earth.md'}, {'Firmament': 'Biblical Cosmology/Firmament.md'}, {'NASA': 'Biblical Cosmology/NASA.md'}]}, {'Calendar': [{'Feasts': [{'How do we celebrate it?': 'Calendar/Feasts/How do we celebrate it.md'}]}]}, {'Law': [{'Clean and Unclean Foods': 'Law/Commandments/Ourselves/Clean and Unclean Foods.md'}, {'Commandments': 'Law/Commandments/613 Commandments.md'}, {'Eternal Torah': 'Law/Eternal Torah.md'}, {'Marriage': 'Law/Marriage.md'}, {'Priesthood': 'Law/Priesthood.md'}, {'Purity Laws': 'Law/Commandments/Ourselves/Purity Laws.'}, {'The Law': 'Law/The Law.md'}]}, {'Canon': [{'Bible Canon': 'Canon/Bible Canon.md'}, {'Septuagint': 'Canon/Septuagint Text Family.md'}, {'Enoch Study': 'Book of Enoch/Enoch Study.md'}]}, {'The Trinity': [{'The Trinity': 'The Trinity/The Trinity.md'}, {'Who is Yahusha (Jesus)': 'The Trinity/Who is Yahusha (Jesus).md'}, {'Yahuah, The Father': 'The Trinity/Yahuah, The Father.md'}]}, {'Bodies': [{'Living Soul': 'Bodies/Living Soul.md'}]}, {'The World': [{'New Age': 'The World/New Age.md'}, {'Dispensationalism': 'The World/Dispensationalism.md'}, {'Works of the Flesh': 'The World/Work of the Flesh/Work of the Flesh.md'}]}, {'Timelines': [{'Events': 'Events/Canon/Septuagint and the Masoretic Text.md'}]}, {'Extras': [{'Fallacies': 'Fallacies and Argument Tactics.md'}, {'Resources': 'Links to Resources.md'}, {'Donate': 'https://cash.app/$dahlialo'}]}]
[1699940997.196][DEBUG][/home/dahlia/.local/lib/python3.12/site-packages/mkdocs/config/base.py:387] Config value 'pages' = None
[1699940997.196][DEBUG][/home/dahlia/.local/lib/python3.12/site-packages/mkdocs/config/base.py:387] Config value 'exclude_docs' = None
[1699940997.196][DEBUG][/home/dahlia/.local/lib/python3.12/site-packages/mkdocs/config/base.py:387] Config value 'not_in_nav' = None
[1699940997.197][DEBUG][/home/dahlia/.local/lib/python3.12/site-packages/mkdocs/config/base.py:387] Config value 'site_url' = 'https://dahliyah.github.io/'
[1699940997.197][DEBUG][/home/dahlia/.local/lib/python3.12/site-packages/mkdocs/config/base.py:387] Config value 'site_description' = 'Project documentation with Markdown'
[1699940997.197][DEBUG][/home/dahlia/.local/lib/python3.12/site-packages/mkdocs/config/base.py:387] Config value 'site_author' = 'Dahlia (Oopzs)'
[1699940997.197][DEBUG][/home/dahlia/.local/lib/python3.12/site-packages/mkdocs/config/base.py:387] Config value 'theme' = Theme(name='material', dirs=['/home/dahlia/Documents/dahliyah.github.io/docs/overrides', '/home/dahlia/.local/lib/python3.12/site-packages/material/templates', '/home/dahlia/.local/lib/python3.12/site-packages/mkdocs/templates'], static_templates={'sitemap.xml', '404.html'}, name='material', locale=Locale('en'), language='en', direction=None, features=['navigation.footer', 'navigation.instant', 'navigation.instant', 'navigation.instant.prefetch', 'navigation.tabs', 'navigation.sections', 'navigation.path', 'toc.integrate', 'content.action.edit', 'content.action.view'], font={'text': 'Roboto', 'code': 'Roboto Mono'}, icon=None, favicon='assets/images/favicon.png', highlightjs=True, hljs_languages=['yaml', 'django'], palette={'scheme': 'slate', 'primary': 'light green'})
[1699940997.197][DEBUG][/home/dahlia/.local/lib/python3.12/site-packages/mkdocs/config/base.py:387] Config value 'docs_dir' = '/home/dahlia/Documents/dahliyah.github.io/docs'
[1699940997.198][DEBUG][/home/dahlia/.local/lib/python3.12/site-packages/mkdocs/config/base.py:387] Config value 'site_dir' = '/tmp/mkdocs_1tybyeft'
[1699940997.198][DEBUG][/home/dahlia/.local/lib/python3.12/site-packages/mkdocs/config/base.py:387] Config value 'copyright' = 'Copyright &copy; 2022 - 2023 Dahlia Love / Setapart.top'
[1699940997.198][DEBUG][/home/dahlia/.local/lib/python3.12/site-packages/mkdocs/config/base.py:387] Config value 'google_analytics' = None
[1699940997.198][DEBUG][/home/dahlia/.local/lib/python3.12/site-packages/mkdocs/config/base.py:387] Config value 'dev_addr' = _IpAddressValue(host='127.0.0.1', port=8000)
[1699940997.198][DEBUG][/home/dahlia/.local/lib/python3.12/site-packages/mkdocs/config/base.py:387] Config value 'use_directory_urls' = True
[1699940997.199][DEBUG][/home/dahlia/.local/lib/python3.12/site-packages/mkdocs/config/base.py:387] Config value 'repo_url' = 'https://dahliyah.github.io'
[1699940997.199][DEBUG][/home/dahlia/.local/lib/python3.12/site-packages/mkdocs/config/base.py:387] Config value 'repo_name' = 'Dahliyah'
[1699940997.199][DEBUG][/home/dahlia/.local/lib/python3.12/site-packages/mkdocs/config/base.py:387] Config value 'edit_uri_template' = None
[1699940997.199][DEBUG][/home/dahlia/.local/lib/python3.12/site-packages/mkdocs/config/base.py:387] Config value 'edit_uri' = None
[1699940997.200][DEBUG][/home/dahlia/.local/lib/python3.12/site-packages/mkdocs/config/base.py:387] Config value 'extra_css' = ['css/extra.css']
[1699940997.200][DEBUG][/home/dahlia/.local/lib/python3.12/site-packages/mkdocs/config/base.py:387] Config value 'extra_javascript' = ['javascripts/extra.js']
[1699940997.200][DEBUG][/home/dahlia/.local/lib/python3.12/site-packages/mkdocs/config/base.py:387] Config value 'extra_templates' = []
[1699940997.200][DEBUG][/home/dahlia/.local/lib/python3.12/site-packages/mkdocs/config/base.py:387] Config value 'markdown_extensions' = ['toc', 'tables', 'fenced_code', 'pymdownx.tasklist', 'admonition', 'pymdownx.betterem', 'full_yaml_metadata', 'pymdownx.caret', 'pymdownx.critic', 'pymdownx.details', 'pymdownx.emoji', 'pymdownx.escapeall', 'pymdownx.extra', 'pymdownx.highlight', 'pymdownx.inlinehilite', 'pymdownx.keys', 'pymdownx.magiclink', 'pymdownx.mark', 'pymdownx.pathconverter', 'pymdownx.progressbar', 'pymdownx.saneheaders', 'pymdownx.smartsymbols', 'pymdownx.snippets', 'pymdownx.striphtml', 'pymdownx.superfences', 'pymdownx.tabbed', 'pymdownx.tilde', 'footnotes', 'attr_list', 'md_in_html', 'def_list', 'mdx_gh_links', 'mkdocs-click', 'pymdownx.arithmatex', 'pymdownx.b64']
[1699940997.200][DEBUG][/home/dahlia/.local/lib/python3.12/site-packages/mkdocs/config/base.py:387] Config value 'mdx_configs' = {'pymdownx.tasklist': {'custom_checkbox': True}, 'pymdownx.highlight': {'use_pygments': False}, 'toc': {'permalink': None, 'baselevel': 2}, 'mdx_gh_links': {'user': 'mkdocs', 'repo': 'mkdocs'}, 'pymdownx.superfences': {'custom_fences': [{'name': 'mermaid', 'class': 'mermaid', 'format': <function fence_code_format at 0x7f73f6773880>}]}}
[1699940997.201][DEBUG][/home/dahlia/.local/lib/python3.12/site-packages/mkdocs/config/base.py:387] Config value 'strict' = False
[1699940997.201][DEBUG][/home/dahlia/.local/lib/python3.12/site-packages/mkdocs/config/base.py:387] Config value 'remote_branch' = 'gh-pages'
[1699940997.201][DEBUG][/home/dahlia/.local/lib/python3.12/site-packages/mkdocs/config/base.py:387] Config value 'remote_name' = 'origin'
[1699940997.201][DEBUG][/home/dahlia/.local/lib/python3.12/site-packages/mkdocs/config/base.py:387] Config value 'extra' = {'social': [{'icon': 'fontawesome/brands/youtube', 'link': 'https://www.youtube.com/channel/UCVh_qkKF2ecK8cBDADmuojA'}], 'generator': False}
[1699940997.201][DEBUG][/home/dahlia/.local/lib/python3.12/site-packages/mkdocs/config/base.py:387] Config value 'plugins' = {'git-revision-date-localized': <mkdocs_git_revision_date_localized_plugin.plugin.GitRevisionDateLocalizedPlugin object at 0x7f73f624cf50>, 'autolinks': <mkdocs_autolinks_plugin.plugin.AutoLinksPlugin object at 0x7f73f62bcfb0>, 'rss': <mkdocs_rss_plugin.plugin.GitRssPlugin object at 0x7f73f618ea20>, 'section-index': <mkdocs_section_index.plugin.SectionIndexPlugin object at 0x7f73f629cce0>, 'mkdocs-backlinks': <backlinks_plugin.plugin.BacklinksPlugin object at 0x7f73f6053980>, 'obsidian-bridge': <mkdocs_obsidian_bridge.plugin.ObsidianBridgePlugin object at 0x7f73f6053950>, 'material/tags': <material.plugins.tags.plugin.TagsPlugin object at 0x7f73f5d959a0>, 'include-markdown': <mkdocs_include_markdown_plugin.plugin.IncludeMarkdownPlugin object at 0x7f73f5dcfb90>, 'autorefs': <mkdocs_autorefs.plugin.AutorefsPlugin object at 0x7f73f6281850>, 'table-reader': <mkdocs_table_reader_plugin.plugin.TableReaderPlugin object at 0x7f73f62ea480>, 'material/search': <material.plugins.search.plugin.SearchPlugin object at 0x7f73f5dcc800>, 'title-casing': <mkdocs_title_casing_plugin.plugin.TitleCasingPlugin object at 0x7f73dfd2e4e0>, 'git-revision-date': <mkdocs_git_revision_date_plugin.plugin.GitRevisionDatePlugin object at 0x7f73dfa26ff0>, 'literate-nav': <mkdocs_literate_nav.plugin.LiterateNavPlugin object at 0x7f73df22ac90>, 'mkdocstrings': <mkdocstrings.plugin.MkdocstringsPlugin object at 0x7f73de82ab40>, 'pub-debugger': <mkdocs_publisher.debugger.plugin.DebuggerPlugin object at 0x7f73de82b140>, 'pub-social': <mkdocs_publisher.social.plugin.SocialPlugin object at 0x7f73e01e2e40>, 'pub-meta': <mkdocs_publisher.meta.plugin.MetaPlugin object at 0x7f73f2b14b00>, 'pub-minifier': <mkdocs_publisher.minifier.plugin.MinifierPlugin object at 0x7f73de759c10>, 'docs/hooks.py': <module 'docs/hooks.py' from '/home/dahlia/Documents/dahliyah.github.io/docs/hooks.py'>}
[1699940997.202][DEBUG][/home/dahlia/.local/lib/python3.12/site-packages/mkdocs/config/base.py:387] Config value 'hooks' = {'docs/hooks.py': <module 'docs/hooks.py' from '/home/dahlia/Documents/dahliyah.github.io/docs/hooks.py'>}
[1699940997.202][DEBUG][/home/dahlia/.local/lib/python3.12/site-packages/mkdocs/config/base.py:387] Config value 'watch' = ['/home/dahlia/Documents/dahliyah.github.io/mkdocs']
[1699940997.202][DEBUG][/home/dahlia/.local/lib/python3.12/site-packages/mkdocs/config/base.py:387] Config value 'validation' = {'nav': {'omitted_files': 20, 'not_found': 30, 'absolute_links': 20}, 'links': {'not_found': 30, 'absolute_links': 20, 'unrecognized_links': 20}}
[1699940997.202][DEBUG][/home/dahlia/.local/lib/python3.12/site-packages/mkdocs/plugins.py:504] Running 3 `startup` events
[1699940997.203][INFO ][/home/dahlia/.local/lib/python3.12/site-packages/mkdocs/commands/serve.py:63] Building documentation...
[1699940997.203][DEBUG][/home/dahlia/.local/lib/python3.12/site-packages/mkdocs/plugins.py:504] Running 11 `config` events
[1699940997.203][INFO ][/home/dahlia/.local/lib/python3.12/site-packages/mkdocs_publisher/meta/plugin.py:154] Reading meta data from "README.md" files
[1699940997.205][DEBUG][/home/dahlia/.local/lib/python3.12/site-packages/mkdocs/plugins.py:504] Running 1 `shutdown` events
[1699940997.210][INFO ][/home/dahlia/.local/lib/python3.12/site-packages/mkdocs_publisher/debugger/plugin.py:109] Platform: Linux-6.5.11-300.fc39.x86_64-x86_64-with-glibc2.38
[1699940997.211][INFO ][/home/dahlia/.local/lib/python3.12/site-packages/mkdocs_publisher/debugger/plugin.py:110] Python version: 3.12.0 (using virtual environment: false)
[1699940997.211][INFO ][/home/dahlia/.local/lib/python3.12/site-packages/mkdocs_publisher/debugger/plugin.py:114] Build log file: /home/dahlia/Documents/dahliyah.github.io/20231114_054957_mkdocs_build.log
[1699940997.221][DEBUG][/home/dahlia/.local/lib/python3.12/site-packages/mkdocs_publisher/debugger/plugin.py:130] File: mkdocs.yml added to archive
[1699940997.221][DEBUG][/home/dahlia/.local/lib/python3.12/site-packages/mkdocs_publisher/debugger/plugin.py:130] File: requirements.txt added to archive
[1699940997.222][DEBUG][/home/dahlia/.local/lib/python3.12/site-packages/mkdocs_publisher/debugger/plugin.py:130] File: pyproject.toml added to archive
[1699940997.222][DEBUG][/home/dahlia/.local/lib/python3.12/site-packages/mkdocs_publisher/debugger/plugin.py:133] File: poetry.lock doesn't exists and not added to archive
[1699940997.223][DEBUG][/home/dahlia/.local/lib/python3.12/site-packages/mkdocs_publisher/debugger/plugin.py:130] File: .gitignore added to archive
[1699940997.223][DEBUG][/home/dahlia/.local/lib/python3.12/site-packages/mkdocs_publisher/_shared/file_utils.py:35] Run cmd: pip freeze --local
[1699940997.910][INFO ][/home/dahlia/.local/lib/python3.12/site-packages/mkdocs_publisher/debugger/plugin.py:148] Debugger ZIP file: 20231114_054957_mkdocs_debug.zip
